<?xml version="1.0" encoding="UTF-8"?>
<!-- Generated by org.testng.reporters.JUnitReportReporter -->
<testsuite hostname="comp25" failures="0" tests="4" name="coda.global.hospital.patientdaotest.PatientDaoTest" time="0.651" errors="0" timestamp="2019-09-17T16:33:19 IST" skipped="0">
  <testcase classname="coda.global.hospital.patientdaotest.PatientDaoTest" name="createPatientTestRepeatedUsername" time="0.531"/>
  <testcase classname="coda.global.hospital.patientdaotest.PatientDaoTest" name="createPatientTestValidUsername" time="0.070"/>
  <testcase classname="coda.global.hospital.patientdaotest.PatientDaoTest" name="readPatientTestInvalidId" time="0.029"/>
  <testcase classname="coda.global.hospital.patientdaotest.PatientDaoTest" name="readPatientTestValidId" time="0.021"/>
</testsuite> <!-- coda.global.hospital.patientdaotest.PatientDaoTest -->
