<?xml version="1.0" encoding="UTF-8"?>
<!-- Generated by org.testng.reporters.JUnitReportReporter -->
<testsuite hostname="comp25" failures="0" tests="2" name="coda.global.hospital.userdaotest.UserDaoTest" time="0.465" errors="0" timestamp="2019-09-17T10:55:32 IST" skipped="0">
  <testcase classname="coda.global.hospital.userdaotest.UserDaoTest" name="getUserTestInvalidUsername" time="0.442"/>
  <testcase classname="coda.global.hospital.userdaotest.UserDaoTest" name="getUserTestValidUsername" time="0.023"/>
</testsuite> <!-- coda.global.hospital.userdaotest.UserDaoTest -->
